<?xml version="1.0" encoding="UTF-8"?>
<!-- Generated by org.testng.reporters.JUnitXMLReporter -->
<testsuite hostname="SWAPNILKAMBLE" ignored="0" name="Default test" tests="3" failures="0" timestamp="07 Aug 2020 04:07:52 GMT" time="25.236" errors="0">
  <testcase name="verifyHomePageHeader" time="13.449" classname="com.qa.hubspot.tests.HomePageTest"/>
  <testcase name="verifyLoggedInUserText" time="0.055" classname="com.qa.hubspot.tests.HomePageTest"/>
  <testcase name="verifyHomePageTitle" time="0.007" classname="com.qa.hubspot.tests.HomePageTest"/>
</testsuite> <!-- Default test -->
