<?xml version="1.0" encoding="UTF-8"?>
<testng-results skipped="0" failed="0" ignored="0" total="3" passed="3">
  <reporter-output>
  </reporter-output>
  <suite name="Default suite" duration-ms="25236" started-at="2020-08-07T04:07:27Z" finished-at="2020-08-07T04:07:52Z">
    <groups>
    </groups>
    <test name="Default test" duration-ms="25236" started-at="2020-08-07T04:07:27Z" finished-at="2020-08-07T04:07:52Z">
      <class name="com.qa.hubspot.tests.HomePageTest">
        <test-method status="PASS" signature="homeSetUp()[pri:0, instance:com.qa.hubspot.tests.HomePageTest@523884b2]" name="homeSetUp" is-config="true" duration-ms="11000" started-at="2020-08-07T04:07:27Z" finished-at="2020-08-07T04:07:38Z">
          <reporter-output>
          </reporter-output>
        </test-method> <!-- homeSetUp -->
        <test-method status="PASS" signature="verifyHomePageHeader()[pri:1, instance:com.qa.hubspot.tests.HomePageTest@523884b2]" name="verifyHomePageHeader" duration-ms="13449" started-at="2020-08-07T04:07:38Z" finished-at="2020-08-07T04:07:51Z">
          <reporter-output>
          </reporter-output>
        </test-method> <!-- verifyHomePageHeader -->
        <test-method status="PASS" signature="verifyLoggedInUserText()[pri:2, instance:com.qa.hubspot.tests.HomePageTest@523884b2]" name="verifyLoggedInUserText" duration-ms="55" started-at="2020-08-07T04:07:51Z" finished-at="2020-08-07T04:07:52Z">
          <reporter-output>
          </reporter-output>
        </test-method> <!-- verifyLoggedInUserText -->
        <test-method status="PASS" signature="verifyHomePageTitle()[pri:3, instance:com.qa.hubspot.tests.HomePageTest@523884b2]" name="verifyHomePageTitle" duration-ms="7" started-at="2020-08-07T04:07:52Z" finished-at="2020-08-07T04:07:52Z">
          <reporter-output>
          </reporter-output>
        </test-method> <!-- verifyHomePageTitle -->
        <test-method status="PASS" signature="tearDown()[pri:0, instance:com.qa.hubspot.tests.HomePageTest@523884b2]" name="tearDown" is-config="true" duration-ms="692" started-at="2020-08-07T04:07:52Z" finished-at="2020-08-07T04:07:52Z">
          <reporter-output>
          </reporter-output>
        </test-method> <!-- tearDown -->
      </class> <!-- com.qa.hubspot.tests.HomePageTest -->
    </test> <!-- Default test -->
  </suite> <!-- Default suite -->
</testng-results>
